2021-04-18 20:01:23,229 INFO [default] PROCESS DATA DIR: /home/wlzhang/software/PPPLib/dataset/data_m39
2021-04-18 20:01:23,231 INFO [default] ==== START PROCESS: m390
2021-04-18 20:01:34,038 INFO [default] PROCESS DATA DIR: /home/wlzhang/software/PPPLib/dataset/data_m39
2021-04-18 20:01:34,039 DEBUG [default] ROVER OBSERVATION FILE: /home/wlzhang/software/PPPLib/dataset/data_m39/m390311.17o
2021-04-18 20:01:34,039 INFO [default] ==== START PROCESS: m390
2021-04-18 20:01:34,039 DEBUG [default] BASE OBSERVATION FILE: /home/wlzhang/software/PPPLib/dataset/data_m39/m390311_base.17o
2021-04-18 20:01:34,039 DEBUG [default] PRODUCT DIR: /home/wlzhang/software/PPPLib/dataset/data_m39
2021-04-18 20:01:34,039 DEBUG [default] BROADCAST EPHEMERICS FILE: /home/wlzhang/software/PPPLib/dataset/data_m39/brdm3110.17p
2021-04-18 20:01:34,039 DEBUG [default] CAS DCB FILE: /home/wlzhang/software/PPPLib/dataset/data_m39/CAS0MGXRAP_20173110000_01D_01D_DCB.BSX
2021-04-18 20:01:34,040 DEBUG [default] SOLUTION FILE: /home/wlzhang/software/PPPLib/dataset/data_m39/result_brd//PPK_KINE//GE_DF_OFF/m390_F_ar.pos
2021-04-18 20:01:34,040 DEBUG [default] BD2 change C1x to C2x
2021-04-18 20:01:34,040 DEBUG [default] BD2 change C1x to C2x
2021-04-18 20:01:34,040 DEBUG [default] BD2 change C1x to C2x
2021-04-18 20:01:34,266 DEBUG [default] BD2 change C1x to C2x
2021-04-18 20:01:34,266 DEBUG [default] BD2 change C1x to C2x
2021-04-18 20:01:34,266 DEBUG [default] BD2 change C1x to C2x
2021-04-18 20:01:34,735 DEBUG [default] START PPK SOLVING 1th EPOCH, ROVER SATELLITE NUMBER 9
2021-04-18 20:01:34,735 DEBUG [default] MATCH BASE STATION OBSERVATIONS, BASE SATELLITE NUMBER 9
2021-04-18 20:01:34,736 DEBUG [default] SATELLITE BROADCAST EPHEMERIS: 2017/11/07 05:46:34.0
2021-04-18 20:01:34,736 DEBUG [default] G02  -21613358.206   14004732.998   -5275185.374      86105.339   -328.394    751.316   3069.419
2021-04-18 20:01:34,736 DEBUG [default] G05  -19433765.689    5888838.418   17124624.719      -7057.434   1985.221    944.388   1896.353
2021-04-18 20:01:34,736 DEBUG [default] G13  -12227729.070   14549428.790   18447677.213     -28074.783    208.798   2357.884  -1708.501
2021-04-18 20:01:34,736 DEBUG [default] G15   -4524755.721   22618161.487   12630233.324    -107041.936    699.495   1540.169  -2508.528
2021-04-18 20:01:34,736 DEBUG [default] G18   18109843.976   15758929.494   12142593.354     189579.355   1471.469    185.496  -2543.508
2021-04-18 20:01:34,736 DEBUG [default] G20   -3141113.281   15583896.101   21126353.840     147506.847   2633.952    724.540   -138.768
2021-04-18 20:01:34,736 DEBUG [default] G21    9358426.817   13039870.039   21951509.535    -139217.494   1985.166  -1695.886    173.805
2021-04-18 20:01:34,736 DEBUG [default] G24  -11231963.957   20867976.558  -11810517.879     -12564.530   1332.714   -747.939  -2635.836
2021-04-18 20:01:34,736 DEBUG [default] G29    3351565.218   26310647.858    1533056.733     162320.462    192.172   -213.329   3214.949
2021-04-18 20:01:34,736 DEBUG [default] SINGLE POINT POSITION RESIDUAL(1-0): 2017/11/07 05:46:34.0 X=0 Y=0 Z=0
2021-04-18 20:01:34,736 DEBUG [default] G02 omc=-3355828.7345, var=  5.940 el=90.0 dtr=         0.000 dts= 287.216495050 trp= 0.000 ion= 0.000 cbias=-4.020 obs=  22846796.973 range=  26288731.046
2021-04-18 20:01:34,736 DEBUG [default] G05 omc=-4487441.7008, var=  5.940 el=90.0 dtr=         0.000 dts= -23.541067407 trp= 0.000 ion= 0.000 cbias=-1.707 obs=  22082793.980 range=  26563178.246
2021-04-18 20:01:34,736 DEBUG [default] G13 omc=-5972759.5018, var=  5.940 el=90.0 dtr=         0.000 dts= -93.647395016 trp= 0.000 ion= 0.000 cbias=-1.619 obs=  20541538.697 range=  26486223.416
2021-04-18 20:01:34,736 DEBUG [default] G15 omc=-6234727.2436, var=  5.940 el=90.0 dtr=         0.000 dts=-357.053464364 trp= 0.000 ion= 0.000 cbias=-1.839 obs=  20170174.628 range=  26297859.936
2021-04-18 20:01:34,736 DEBUG [default] G18 omc=-2223790.7016, var=  5.940 el=90.0 dtr=         0.000 dts= 632.368661363 trp= 0.000 ion= 0.000 cbias=-1.131 obs=  24489285.592 range=  26902655.649
2021-04-18 20:01:34,736 DEBUG [default] G20 omc=-5656032.4739, var=  5.940 el=90.0 dtr=         0.000 dts= 492.029880499 trp= 0.000 ion= 0.000 cbias=-0.198 obs=  20635962.128 range=  26439501.450
2021-04-18 20:01:34,736 DEBUG [default] G21 omc=-3759484.2100, var=  5.940 el=90.0 dtr=         0.000 dts=-464.379575097 trp= 0.000 ion= 0.000 cbias=-0.651 obs=  23573246.003 range=  27193512.719
2021-04-18 20:01:34,736 DEBUG [default] G24 omc=-2890425.3364, var=  5.940 el=90.0 dtr=         0.000 dts= -41.910762191 trp= 0.000 ion= 0.000 cbias= 2.351 obs=  23600768.172 range=  26478628.978
2021-04-18 20:01:34,736 DEBUG [default] G29 omc=-4500726.1802, var=  5.940 el=90.0 dtr=         0.000 dts= 541.442778771 trp= 0.000 ion= 0.000 cbias=-1.427 obs=  21904479.458 range=  26567526.099
2021-04-18 20:01:34,737 DEBUG [default] SINGLE POINT POSITION RESIDUAL(1-1): 2017/11/07 05:46:34.0 X=-2677018.0272 Y=5990719.99879 Z=3849125.51298
2021-04-18 20:01:34,737 DEBUG [default] G02 omc=-825258.1161, var= 29.547 el=21.7 dtr=   1262341.747 dts= 287.216495050 trp= 0.000 ion= 9.600 cbias=-4.020 obs=  22846796.973 range=  22495809.081
2021-04-18 20:01:34,737 DEBUG [default] G05 omc=-565031.2553, var= 18.103 el=36.0 dtr=   1262341.747 dts= -23.541067407 trp= 0.000 ion= 6.926 cbias=-1.707 obs=  22082793.980 range=  21378419.127
2021-04-18 20:01:34,737 DEBUG [default] G13 omc=-180428.2147, var= 11.638 el=64.3 dtr=   1262341.747 dts= -93.647395016 trp= 0.000 ion= 4.765 cbias=-1.619 obs=  20541538.697 range=  19431545.616
2021-04-18 20:01:34,737 DEBUG [default] G15 omc= -93501.2650, var= 11.084 el=74.3 dtr=   1262341.747 dts=-357.053464364 trp= 0.000 ion= 4.533 cbias=-1.839 obs=  20170174.628 range=  18894287.677
2021-04-18 20:01:34,737 DEBUG [default] G18 omc=-1002639.1621, var= 39.302 el=10.8 dtr=   1262341.747 dts= 632.368661363 trp= 0.000 ion=11.119 cbias=-1.131 obs=  24489285.592 range=  24419151.244
2021-04-18 20:01:34,737 DEBUG [default] G20 omc=-246205.7131, var= 12.416 el=56.5 dtr=   1262341.747 dts= 492.029880499 trp= 0.000 ion= 5.074 cbias=-0.198 obs=  20635962.128 range=  19767327.867
2021-04-18 20:01:34,737 DEBUG [default] G21 omc=-680887.0751, var= 22.082 el=27.4 dtr=   1262341.747 dts=-464.379575097 trp= 0.000 ion= 7.952 cbias=-0.651 obs=  23573246.003 range=  22852565.885
2021-04-18 20:01:34,737 DEBUG [default] G24 omc=-906543.6134, var= 35.982 el=16.9 dtr=   1262341.747 dts= -41.910762191 trp= 0.000 ion=10.782 cbias= 2.351 obs=  23600768.172 range=  23232394.725
2021-04-18 20:01:34,737 DEBUG [default] G29 omc=-517096.5107, var= 18.192 el=36.5 dtr=   1262341.747 dts= 541.442778771 trp= 0.000 ion= 6.953 cbias=-1.427 obs=  21904479.458 range=  21321547.729
2021-04-18 20:01:34,737 DEBUG [default] SINGLE POINT POSITION RESIDUAL(1-0): 2017/11/07 05:46:34.0 X=-2677018.0272 Y=5990719.99879 Z=3849125.51298
2021-04-18 20:01:34,737 DEBUG [default] G02 omc=-825258.1161, var= 29.547 el=21.7 dtr=   1262341.747 dts= 287.216495050 trp= 0.000 ion= 9.600 cbias=-4.020 obs=  22846796.973 range=  22495809.081
2021-04-18 20:01:34,737 DEBUG [default] G05 omc=-565031.2553, var= 18.103 el=36.0 dtr=   1262341.747 dts= -23.541067407 trp= 0.000 ion= 6.926 cbias=-1.707 obs=  22082793.980 range=  21378419.127
2021-04-18 20:01:34,737 DEBUG [default] G13 omc=-180428.2147, var= 11.638 el=64.3 dtr=   1262341.747 dts= -93.647395016 trp= 0.000 ion= 4.765 cbias=-1.619 obs=  20541538.697 range=  19431545.616
2021-04-18 20:01:34,737 DEBUG [default] G15 omc= -93501.2650, var= 11.084 el=74.3 dtr=   1262341.747 dts=-357.053464364 trp= 0.000 ion= 4.533 cbias=-1.839 obs=  20170174.628 range=  18894287.677
2021-04-18 20:01:34,737 DEBUG [default] G18 omc=-1002639.1621, var= 39.302 el=10.8 dtr=   1262341.747 dts= 632.368661363 trp= 0.000 ion=11.119 cbias=-1.131 obs=  24489285.592 range=  24419151.244
2021-04-18 20:01:34,737 DEBUG [default] G20 omc=-246205.7131, var= 12.416 el=56.5 dtr=   1262341.747 dts= 492.029880499 trp= 0.000 ion= 5.074 cbias=-0.198 obs=  20635962.128 range=  19767327.867
2021-04-18 20:01:34,737 DEBUG [default] G21 omc=-680887.0751, var= 22.082 el=27.4 dtr=   1262341.747 dts=-464.379575097 trp= 0.000 ion= 7.952 cbias=-0.651 obs=  23573246.003 range=  22852565.885
2021-04-18 20:01:34,737 DEBUG [default] G24 omc=-906543.6134, var= 35.982 el=16.9 dtr=   1262341.747 dts= -41.910762191 trp= 0.000 ion=10.782 cbias= 2.351 obs=  23600768.172 range=  23232394.725
2021-04-18 20:01:34,737 DEBUG [default] G29 omc=-517096.5107, var= 18.192 el=36.5 dtr=   1262341.747 dts= 541.442778771 trp= 0.000 ion= 6.953 cbias=-1.427 obs=  21904479.458 range=  21321547.729
2021-04-18 20:01:34,738 DEBUG [default] SINGLE POINT POSITION RESIDUAL(1-2): 2017/11/07 05:46:34.0 X=-2282567.10265 Y=5041045.24613 Z=3241293.38767
2021-04-18 20:01:34,738 DEBUG [default] G02 omc= -27752.7893, var= 26.675 el=24.7 dtr=     13821.426 dts= 287.216495050 trp= 0.634 ion= 8.993 cbias=-4.020 obs=  22846796.973 range=  22946824.048
2021-04-18 20:01:34,738 DEBUG [default] G05 omc= -20400.3641, var= 17.050 el=38.7 dtr=     13821.426 dts= -23.541067407 trp= 0.423 ion= 6.597 cbias=-1.707 obs=  22082793.980 range=  22082308.463
2021-04-18 20:01:34,738 DEBUG [default] G13 omc=  -7664.3763, var= 11.605 el=65.9 dtr=     13821.426 dts= -93.647395016 trp= 0.290 ion= 4.715 cbias=-1.619 obs=  20541538.697 range=  20507301.860
2021-04-18 20:01:34,738 DEBUG [default] G15 omc=  -3994.9932, var= 11.158 el=74.9 dtr=     13821.426 dts=-357.053464364 trp= 0.274 ion= 4.526 cbias=-1.839 obs=  20170174.628 range=  20053301.459
2021-04-18 20:01:34,738 DEBUG [default] G18 omc= -32298.9238, var= 35.840 el=13.3 dtr=     13821.426 dts= 632.368661363 trp= 1.149 ion=10.621 cbias=-1.131 obs=  24489285.592 range=  24697330.675
2021-04-18 20:01:34,738 DEBUG [default] G20 omc=  -9298.8384, var= 12.295 el=58.2 dtr=     13821.426 dts= 492.029880499 trp= 0.311 ion= 4.992 cbias=-0.198 obs=  20635962.128 range=  20778941.084
2021-04-18 20:01:34,738 DEBUG [default] G21 omc= -22646.5173, var= 20.773 el=29.8 dtr=     13821.426 dts=-464.379575097 trp= 0.533 ion= 7.607 cbias=-0.651 obs=  23573246.003 range=  23442845.460
2021-04-18 20:01:34,738 DEBUG [default] G24 omc= -29449.9345, var= 32.264 el=19.7 dtr=     13821.426 dts= -41.910762191 trp= 0.785 ion=10.106 cbias= 2.351 obs=  23600768.172 range=  23603821.259
2021-04-18 20:01:34,738 DEBUG [default] G29 omc= -16426.8957, var= 17.311 el=38.8 dtr=     13821.426 dts= 541.442778771 trp= 0.422 ion= 6.676 cbias=-1.427 obs=  21904479.458 range=  22069398.290
2021-04-18 20:01:34,738 DEBUG [default] SINGLE POINT POSITION RESIDUAL(1-0): 2017/11/07 05:46:34.0 X=-2282567.10265 Y=5041045.24613 Z=3241293.38767
2021-04-18 20:01:34,738 DEBUG [default] G02 omc= -27752.7893, var= 26.675 el=24.7 dtr=     13821.426 dts= 287.216495050 trp= 0.634 ion= 8.993 cbias=-4.020 obs=  22846796.973 range=  22946824.048
2021-04-18 20:01:34,738 DEBUG [default] G05 omc= -20400.3641, var= 17.050 el=38.7 dtr=     13821.426 dts= -23.541067407 trp= 0.423 ion= 6.597 cbias=-1.707 obs=  22082793.980 range=  22082308.463
2021-04-18 20:01:34,738 DEBUG [default] G13 omc=  -7664.3763, var= 11.605 el=65.9 dtr=     13821.426 dts= -93.647395016 trp= 0.290 ion= 4.715 cbias=-1.619 obs=  20541538.697 range=  20507301.860
2021-04-18 20:01:34,738 DEBUG [default] G15 omc=  -3994.9932, var= 11.158 el=74.9 dtr=     13821.426 dts=-357.053464364 trp= 0.274 ion= 4.526 cbias=-1.839 obs=  20170174.628 range=  20053301.459
2021-04-18 20:01:34,738 DEBUG [default] G18 omc= -32298.9238, var= 35.840 el=13.3 dtr=     13821.426 dts= 632.368661363 trp= 1.149 ion=10.621 cbias=-1.131 obs=  24489285.592 range=  24697330.675
2021-04-18 20:01:34,738 DEBUG [default] G20 omc=  -9298.8384, var= 12.295 el=58.2 dtr=     13821.426 dts= 492.029880499 trp= 0.311 ion= 4.992 cbias=-0.198 obs=  20635962.128 range=  20778941.084
2021-04-18 20:01:34,738 DEBUG [default] G21 omc= -22646.5173, var= 20.773 el=29.8 dtr=     13821.426 dts=-464.379575097 trp= 0.533 ion= 7.607 cbias=-0.651 obs=  23573246.003 range=  23442845.460
2021-04-18 20:01:34,738 DEBUG [default] G24 omc= -29449.9345, var= 32.264 el=19.7 dtr=     13821.426 dts= -41.910762191 trp= 0.785 ion=10.106 cbias= 2.351 obs=  23600768.172 range=  23603821.259
2021-04-18 20:01:34,738 DEBUG [default] G29 omc= -16426.8957, var= 17.311 el=38.8 dtr=     13821.426 dts= 541.442778771 trp= 0.422 ion= 6.676 cbias=-1.427 obs=  21904479.458 range=  22069398.290
2021-04-18 20:01:34,738 DEBUG [default] SINGLE POINT POSITION RESIDUAL(1-3): 2017/11/07 05:46:34.0 X=-2270288.99121 Y=5007933.2739 Z=3221469.96885
2021-04-18 20:01:34,739 DEBUG [default] G02 omc=    -37.9714, var= 26.580 el=24.8 dtr=    -29849.320 dts= 287.216495050 trp= 5.754 ion= 8.973 cbias=-4.020 obs=  22846796.973 range=  22962774.876
2021-04-18 20:01:34,739 DEBUG [default] G05 omc=    -28.7277, var= 17.007 el=38.8 dtr=    -29849.320 dts= -23.541067407 trp= 3.845 ion= 6.584 cbias=-1.707 obs=  22082793.980 range=  22105604.163
2021-04-18 20:01:34,739 DEBUG [default] G13 omc=    -10.6653, var= 11.600 el=66.0 dtr=    -29849.320 dts= -93.647395016 trp= 2.640 ion= 4.713 cbias=-1.619 obs=  20541538.697 range=  20543316.547
2021-04-18 20:01:34,739 DEBUG [default] G15 omc=     -5.5335, var= 11.158 el=74.9 dtr=    -29849.320 dts=-357.053464364 trp= 2.497 ion= 4.526 cbias=-1.839 obs=  20170174.628 range=  20092980.522
2021-04-18 20:01:34,739 DEBUG [default] G18 omc=    -44.1204, var= 35.747 el=13.4 dtr=    -29849.320 dts= 632.368661363 trp=10.417 ion=10.607 cbias=-1.131 obs=  24489285.592 range=  24708737.364
2021-04-18 20:01:34,739 DEBUG [default] G20 omc=    -11.9460, var= 12.288 el=58.3 dtr=    -29849.320 dts= 492.029880499 trp= 2.834 ion= 4.990 cbias=-0.198 obs=  20635962.128 range=  20813322.417
2021-04-18 20:01:34,739 DEBUG [default] G21 omc=    -28.0342, var= 20.732 el=29.9 dtr=    -29849.320 dts=-464.379575097 trp= 4.843 ion= 7.597 cbias=-0.651 obs=  23573246.003 range=  23463893.424
2021-04-18 20:01:34,739 DEBUG [default] G24 omc=    -32.4991, var= 32.156 el=19.8 dtr=    -29849.320 dts= -41.910762191 trp= 7.124 ion=10.086 cbias= 2.351 obs=  23600768.172 range=  23618068.251
2021-04-18 20:01:34,739 DEBUG [default] G29 omc=    -22.9046, var= 17.288 el=38.8 dtr=    -29849.320 dts= 541.442778771 trp= 3.845 ion= 6.669 cbias=-1.427 obs=  21904479.458 range=  22096661.629
2021-04-18 20:01:34,739 DEBUG [default] SINGLE POINT POSITION RESIDUAL(1-0): 2017/11/07 05:46:34.0 X=-2270288.99121 Y=5007933.2739 Z=3221469.96885
2021-04-18 20:01:34,739 DEBUG [default] G02 omc=    -37.9714, var= 26.580 el=24.8 dtr=    -29849.320 dts= 287.216495050 trp= 5.754 ion= 8.973 cbias=-4.020 obs=  22846796.973 range=  22962774.876
2021-04-18 20:01:34,739 DEBUG [default] G05 omc=    -28.7277, var= 17.007 el=38.8 dtr=    -29849.320 dts= -23.541067407 trp= 3.845 ion= 6.584 cbias=-1.707 obs=  22082793.980 range=  22105604.163
2021-04-18 20:01:34,739 DEBUG [default] G13 omc=    -10.6653, var= 11.600 el=66.0 dtr=    -29849.320 dts= -93.647395016 trp= 2.640 ion= 4.713 cbias=-1.619 obs=  20541538.697 range=  20543316.547
2021-04-18 20:01:34,739 DEBUG [default] G15 omc=     -5.5335, var= 11.158 el=74.9 dtr=    -29849.320 dts=-357.053464364 trp= 2.497 ion= 4.526 cbias=-1.839 obs=  20170174.628 range=  20092980.522
2021-04-18 20:01:34,739 DEBUG [default] G18 omc=    -44.1204, var= 35.747 el=13.4 dtr=    -29849.320 dts= 632.368661363 trp=10.417 ion=10.607 cbias=-1.131 obs=  24489285.592 range=  24708737.364
2021-04-18 20:01:34,739 DEBUG [default] G20 omc=    -11.9460, var= 12.288 el=58.3 dtr=    -29849.320 dts= 492.029880499 trp= 2.834 ion= 4.990 cbias=-0.198 obs=  20635962.128 range=  20813322.417
2021-04-18 20:01:34,739 DEBUG [default] G21 omc=    -28.0342, var= 20.732 el=29.9 dtr=    -29849.320 dts=-464.379575097 trp= 4.843 ion= 7.597 cbias=-0.651 obs=  23573246.003 range=  23463893.424
2021-04-18 20:01:34,739 DEBUG [default] G24 omc=    -32.4991, var= 32.156 el=19.8 dtr=    -29849.320 dts= -41.910762191 trp= 7.124 ion=10.086 cbias= 2.351 obs=  23600768.172 range=  23618068.251
2021-04-18 20:01:34,739 DEBUG [default] G29 omc=    -22.9046, var= 17.288 el=38.8 dtr=    -29849.320 dts= 541.442778771 trp= 3.845 ion= 6.669 cbias=-1.427 obs=  21904479.458 range=  22096661.629
2021-04-18 20:01:34,739 DEBUG [default] SINGLE POINT POSITION RESIDUAL(1-4): 2017/11/07 05:46:34.0 X=-2270273.57209 Y=5007889.83247 Z=3221445.09891
2021-04-18 20:01:34,739 DEBUG [default] G02 omc=     -1.9111, var= 26.580 el=24.8 dtr=    -29906.227 dts= 287.216495050 trp= 5.794 ion= 8.973 cbias=-4.020 obs=  22846796.973 range=  22962795.683
2021-04-18 20:01:34,739 DEBUG [default] G05 omc=     -1.1924, var= 17.007 el=38.8 dtr=    -29906.227 dts= -23.541067407 trp= 3.872 ion= 6.584 cbias=-1.707 obs=  22082793.980 range=  22105633.508
2021-04-18 20:01:34,739 DEBUG [default] G13 omc=      0.1398, var= 11.600 el=66.0 dtr=    -29906.227 dts= -93.647395016 trp= 2.658 ion= 4.713 cbias=-1.619 obs=  20541538.697 range=  20543362.631
2021-04-18 20:01:34,740 DEBUG [default] G15 omc=     -0.0933, var= 11.158 el=74.9 dtr=    -29906.227 dts=-357.053464364 trp= 2.515 ion= 4.526 cbias=-1.839 obs=  20170174.628 range=  20093031.971
2021-04-18 20:01:34,740 DEBUG [default] G18 omc=     -2.4486, var= 35.747 el=13.4 dtr=    -29906.227 dts= 632.368661363 trp=10.489 ion=10.607 cbias=-1.131 obs=  24489285.592 range=  24708752.527
2021-04-18 20:01:34,740 DEBUG [default] G20 omc=      0.8273, var= 12.288 el=58.3 dtr=    -29906.227 dts= 492.029880499 trp= 2.854 ion= 4.990 cbias=-0.198 obs=  20635962.128 range=  20813366.531
2021-04-18 20:01:34,740 DEBUG [default] G21 omc=      1.7580, var= 20.731 el=29.9 dtr=    -29906.227 dts=-464.379575097 trp= 4.876 ion= 7.597 cbias=-0.651 obs=  23573246.003 range=  23463920.505
2021-04-18 20:01:34,740 DEBUG [default] G24 omc=      5.1646, var= 32.156 el=19.8 dtr=    -29906.227 dts= -41.910762191 trp= 7.173 ion=10.086 cbias= 2.351 obs=  23600768.172 range=  23618087.444
2021-04-18 20:01:34,740 DEBUG [default] G29 omc=     -2.0816, var= 17.288 el=38.8 dtr=    -29906.227 dts= 541.442778771 trp= 3.871 ion= 6.669 cbias=-1.427 obs=  21904479.458 range=  22096697.687
2021-04-18 20:01:34,740 DEBUG [default] SINGLE POINT POSITION RESIDUAL(1-0): 2017/11/07 05:46:34.0 X=-2270273.57209 Y=5007889.83247 Z=3221445.09891
2021-04-18 20:01:34,740 DEBUG [default] G02 omc=     -1.9111, var= 26.580 el=24.8 dtr=    -29906.227 dts= 287.216495050 trp= 5.794 ion= 8.973 cbias=-4.020 obs=  22846796.973 range=  22962795.683
2021-04-18 20:01:34,740 DEBUG [default] G05 omc=     -1.1924, var= 17.007 el=38.8 dtr=    -29906.227 dts= -23.541067407 trp= 3.872 ion= 6.584 cbias=-1.707 obs=  22082793.980 range=  22105633.508
2021-04-18 20:01:34,740 DEBUG [default] G13 omc=      0.1398, var= 11.600 el=66.0 dtr=    -29906.227 dts= -93.647395016 trp= 2.658 ion= 4.713 cbias=-1.619 obs=  20541538.697 range=  20543362.631
2021-04-18 20:01:34,740 DEBUG [default] G15 omc=     -0.0933, var= 11.158 el=74.9 dtr=    -29906.227 dts=-357.053464364 trp= 2.515 ion= 4.526 cbias=-1.839 obs=  20170174.628 range=  20093031.971
2021-04-18 20:01:34,740 DEBUG [default] G18 omc=     -2.4486, var= 35.747 el=13.4 dtr=    -29906.227 dts= 632.368661363 trp=10.489 ion=10.607 cbias=-1.131 obs=  24489285.592 range=  24708752.527
2021-04-18 20:01:34,740 DEBUG [default] G20 omc=      0.8273, var= 12.288 el=58.3 dtr=    -29906.227 dts= 492.029880499 trp= 2.854 ion= 4.990 cbias=-0.198 obs=  20635962.128 range=  20813366.531
2021-04-18 20:01:34,740 DEBUG [default] G21 omc=      1.7580, var= 20.731 el=29.9 dtr=    -29906.227 dts=-464.379575097 trp= 4.876 ion= 7.597 cbias=-0.651 obs=  23573246.003 range=  23463920.505
2021-04-18 20:01:34,740 DEBUG [default] G24 omc=      5.1646, var= 32.156 el=19.8 dtr=    -29906.227 dts= -41.910762191 trp= 7.173 ion=10.086 cbias= 2.351 obs=  23600768.172 range=  23618087.444
2021-04-18 20:01:34,740 DEBUG [default] G29 omc=     -2.0816, var= 17.288 el=38.8 dtr=    -29906.227 dts= 541.442778771 trp= 3.871 ion= 6.669 cbias=-1.427 obs=  21904479.458 range=  22096697.687
2021-04-18 20:01:34,740 DEBUG [default] SINGLE POINT POSITION RESIDUAL(1-5): 2017/11/07 05:46:34.0 X=-2270273.54946 Y=5007889.79163 Z=3221445.07188
2021-04-18 20:01:34,740 DEBUG [default] G02 omc=     -1.8708, var= 26.580 el=24.8 dtr=    -29906.292 dts= 287.216495050 trp= 5.794 ion= 8.973 cbias=-4.020 obs=  22846796.973 range=  22962795.708
2021-04-18 20:01:34,740 DEBUG [default] G05 omc=     -1.1633, var= 17.007 el=38.8 dtr=    -29906.292 dts= -23.541067407 trp= 3.872 ion= 6.584 cbias=-1.707 obs=  22082793.980 range=  22105633.544
2021-04-18 20:01:34,740 DEBUG [default] G13 omc=      0.1552, var= 11.600 el=66.0 dtr=    -29906.292 dts= -93.647395016 trp= 2.658 ion= 4.713 cbias=-1.619 obs=  20541538.697 range=  20543362.681
2021-04-18 20:01:34,740 DEBUG [default] G15 omc=     -0.0789, var= 11.158 el=74.9 dtr=    -29906.292 dts=-357.053464364 trp= 2.515 ion= 4.526 cbias=-1.839 obs=  20170174.628 range=  20093032.022
2021-04-18 20:01:34,740 DEBUG [default] G18 omc=     -2.3922, var= 35.747 el=13.4 dtr=    -29906.292 dts= 632.368661363 trp=10.489 ion=10.607 cbias=-1.131 obs=  24489285.592 range=  24708752.536
2021-04-18 20:01:34,740 DEBUG [default] G20 omc=      0.8478, var= 12.288 el=58.3 dtr=    -29906.292 dts= 492.029880499 trp= 2.854 ion= 4.990 cbias=-0.198 obs=  20635962.128 range=  20813366.576
2021-04-18 20:01:34,740 DEBUG [default] G21 omc=      1.7990, var= 20.731 el=29.9 dtr=    -29906.292 dts=-464.379575097 trp= 4.876 ion= 7.597 cbias=-0.651 obs=  23573246.003 range=  23463920.529
2021-04-18 20:01:34,741 DEBUG [default] G24 omc=      5.2111, var= 32.156 el=19.8 dtr=    -29906.292 dts= -41.910762191 trp= 7.173 ion=10.086 cbias= 2.351 obs=  23600768.172 range=  23618087.463
2021-04-18 20:01:34,741 DEBUG [default] G29 omc=     -2.0478, var= 17.288 el=38.8 dtr=    -29906.292 dts= 541.442778771 trp= 3.871 ion= 6.669 cbias=-1.427 obs=  21904479.458 range=  22096697.718
2021-04-18 20:01:34,741 DEBUG [default] SINGLE POINT POSITION RESIDUAL(1-0): 2017/11/07 05:46:34.0 X=-2270273.54946 Y=5007889.79163 Z=3221445.07188
2021-04-18 20:01:34,741 DEBUG [default] G02 omc=     -1.8708, var= 26.580 el=24.8 dtr=    -29906.292 dts= 287.216495050 trp= 5.794 ion= 8.973 cbias=-4.020 obs=  22846796.973 range=  22962795.708
2021-04-18 20:01:34,741 DEBUG [default] G05 omc=     -1.1633, var= 17.007 el=38.8 dtr=    -29906.292 dts= -23.541067407 trp= 3.872 ion= 6.584 cbias=-1.707 obs=  22082793.980 range=  22105633.544
2021-04-18 20:01:34,741 DEBUG [default] G13 omc=      0.1552, var= 11.600 el=66.0 dtr=    -29906.292 dts= -93.647395016 trp= 2.658 ion= 4.713 cbias=-1.619 obs=  20541538.697 range=  20543362.681
2021-04-18 20:01:34,741 DEBUG [default] G15 omc=     -0.0789, var= 11.158 el=74.9 dtr=    -29906.292 dts=-357.053464364 trp= 2.515 ion= 4.526 cbias=-1.839 obs=  20170174.628 range=  20093032.022
2021-04-18 20:01:34,741 DEBUG [default] G18 omc=     -2.3922, var= 35.747 el=13.4 dtr=    -29906.292 dts= 632.368661363 trp=10.489 ion=10.607 cbias=-1.131 obs=  24489285.592 range=  24708752.536
2021-04-18 20:01:34,741 DEBUG [default] G20 omc=      0.8478, var= 12.288 el=58.3 dtr=    -29906.292 dts= 492.029880499 trp= 2.854 ion= 4.990 cbias=-0.198 obs=  20635962.128 range=  20813366.576
2021-04-18 20:01:34,741 DEBUG [default] G21 omc=      1.7990, var= 20.731 el=29.9 dtr=    -29906.292 dts=-464.379575097 trp= 4.876 ion= 7.597 cbias=-0.651 obs=  23573246.003 range=  23463920.529
2021-04-18 20:01:34,741 DEBUG [default] G24 omc=      5.2111, var= 32.156 el=19.8 dtr=    -29906.292 dts= -41.910762191 trp= 7.173 ion=10.086 cbias= 2.351 obs=  23600768.172 range=  23618087.463
2021-04-18 20:01:34,741 DEBUG [default] G29 omc=     -2.0478, var= 17.288 el=38.8 dtr=    -29906.292 dts= 541.442778771 trp= 3.871 ion= 6.669 cbias=-1.427 obs=  21904479.458 range=  22096697.718
2021-04-18 20:01:34,741 DEBUG [default] SINGLE POINT POSITION RESIDUAL(1-6): 2017/11/07 05:46:34.0 X=-2270273.54943 Y=5007889.79158 Z=3221445.07186
2021-04-18 20:01:34,741 DEBUG [default] G02 omc=     -1.8708, var= 26.580 el=24.8 dtr=    -29906.292 dts= 287.216495050 trp= 5.794 ion= 8.973 cbias=-4.020 obs=  22846796.973 range=  22962795.708
2021-04-18 20:01:34,741 DEBUG [default] G05 omc=     -1.1632, var= 17.007 el=38.8 dtr=    -29906.292 dts= -23.541067407 trp= 3.872 ion= 6.584 cbias=-1.707 obs=  22082793.980 range=  22105633.544
2021-04-18 20:01:34,741 DEBUG [default] G13 omc=      0.1552, var= 11.600 el=66.0 dtr=    -29906.292 dts= -93.647395016 trp= 2.658 ion= 4.713 cbias=-1.619 obs=  20541538.697 range=  20543362.681
2021-04-18 20:01:34,741 DEBUG [default] G15 omc=     -0.0789, var= 11.158 el=74.9 dtr=    -29906.292 dts=-357.053464364 trp= 2.515 ion= 4.526 cbias=-1.839 obs=  20170174.628 range=  20093032.023
2021-04-18 20:01:34,741 DEBUG [default] G18 omc=     -2.3921, var= 35.747 el=13.4 dtr=    -29906.292 dts= 632.368661363 trp=10.489 ion=10.607 cbias=-1.131 obs=  24489285.592 range=  24708752.536
2021-04-18 20:01:34,741 DEBUG [default] G20 omc=      0.8478, var= 12.288 el=58.3 dtr=    -29906.292 dts= 492.029880499 trp= 2.854 ion= 4.990 cbias=-0.198 obs=  20635962.128 range=  20813366.576
2021-04-18 20:01:34,741 DEBUG [default] G21 omc=      1.7991, var= 20.731 el=29.9 dtr=    -29906.292 dts=-464.379575097 trp= 4.876 ion= 7.597 cbias=-0.651 obs=  23573246.003 range=  23463920.529
2021-04-18 20:01:34,741 DEBUG [default] G24 omc=      5.2111, var= 32.156 el=19.8 dtr=    -29906.292 dts= -41.910762191 trp= 7.173 ion=10.086 cbias= 2.351 obs=  23600768.172 range=  23618087.463
2021-04-18 20:01:34,741 DEBUG [default] G29 omc=     -2.0477, var= 17.288 el=38.8 dtr=    -29906.292 dts= 541.442778771 trp= 3.871 ion= 6.669 cbias=-1.427 obs=  21904479.458 range=  22096697.718
2021-04-18 20:01:34,742 DEBUG [default] PPK-SPP SOLVE SUCCESS, SPP POS -2270273.54943  5007889.79158  3221445.07186 DOPPLER  VEL 0 0 0
2021-04-18 20:01:34,742 DEBUG [default] SATELLITE BROADCAST EPHEMERIS: 2017/11/07 05:46:34.0
2021-04-18 20:01:34,742 DEBUG [default] G02  -21613358.241   14004733.076   -5275185.054      86105.339   -328.394    751.316   3069.419
2021-04-18 20:01:34,742 DEBUG [default] G05  -19433765.477    5888838.519   17124624.922      -7057.434   1985.222    944.388   1896.353
2021-04-18 20:01:34,742 DEBUG [default] G13  -12227729.049   14549429.032   18447677.037     -28074.783    208.798   2357.884  -1708.501
2021-04-18 20:01:34,742 DEBUG [default] G15   -4524755.653   22618161.636   12630233.081    -107041.936    699.495   1540.169  -2508.528
2021-04-18 20:01:34,742 DEBUG [default] G18   18109844.110   15758929.511   12142593.122     189579.355   1471.469    185.496  -2543.508
2021-04-18 20:01:34,742 DEBUG [default] G20   -3141113.021   15583896.173   21126353.826     147506.847   2633.952    724.540   -138.768
2021-04-18 20:01:34,742 DEBUG [default] G21    9358427.006   13039869.878   21951509.552    -139217.494   1985.166  -1695.886    173.805
2021-04-18 20:01:34,742 DEBUG [default] G24  -11231963.826   20867976.485  -11810518.138     -12564.530   1332.714   -747.939  -2635.836
2021-04-18 20:01:34,742 DEBUG [default] G29    3351565.236   26310647.838    1533057.030     162320.462    192.172   -213.329   3214.949
2021-04-18 20:01:34,742 DEBUG [default] PPK ROVER STATION OBSERVED SATELLITES: 9 G02 G05 G13 G15 G18 G20 G21 G24 G29 
2021-04-18 20:01:34,742 DEBUG [default] PPK BASE STATION OBSERVED SATELLITES : 9 G02 G05 G13 G15 G18 G20 G21 G24 G29 
2021-04-18 20:01:34,742 DEBUG [default] PPK ROVER AND BASE COMMON SATELLITE  : 9 G02 G05 G13 G15 G18 G20 G21 G24 G29 
2021-04-18 20:01:34,742 DEBUG [default] 2017/11/07 05:46:34.0 G02 L1 AMBIGUITY INITIALIZED 95.9768135271
2021-04-18 20:01:34,742 DEBUG [default] 2017/11/07 05:46:34.0 G05 L1 AMBIGUITY INITIALIZED -16.0107827511
2021-04-18 20:01:34,742 DEBUG [default] 2017/11/07 05:46:34.0 G13 L1 AMBIGUITY INITIALIZED -50.2553342959
2021-04-18 20:01:34,742 DEBUG [default] 2017/11/07 05:46:34.0 G15 L1 AMBIGUITY INITIALIZED -68.1328080758
2021-04-18 20:01:34,742 DEBUG [default] 2017/11/07 05:46:34.0 G18 L1 AMBIGUITY INITIALIZED 2.97768117394
2021-04-18 20:01:34,742 DEBUG [default] 2017/11/07 05:46:34.0 G20 L1 AMBIGUITY INITIALIZED 45.5029061195
2021-04-18 20:01:34,742 DEBUG [default] 2017/11/07 05:46:34.0 G21 L1 AMBIGUITY INITIALIZED 25.3556387011
2021-04-18 20:01:34,742 DEBUG [default] 2017/11/07 05:46:34.0 G24 L1 AMBIGUITY INITIALIZED 12.3330360739
2021-04-18 20:01:34,742 DEBUG [default] 2017/11/07 05:46:34.0 G29 L1 AMBIGUITY INITIALIZED 18.9213263881
2021-04-18 20:01:34,742 DEBUG [default] 2017/11/07 05:46:34.0 G02 L2 AMBIGUITY INITIALIZED 78.7194772779
2021-04-18 20:01:34,742 DEBUG [default] 2017/11/07 05:46:34.0 G05 L2 AMBIGUITY INITIALIZED -21.2460136582
2021-04-18 20:01:34,742 DEBUG [default] 2017/11/07 05:46:34.0 G13 L2 AMBIGUITY INITIALIZED -39.5974050124
2021-04-18 20:01:34,742 DEBUG [default] 2017/11/07 05:46:34.0 G15 L2 AMBIGUITY INITIALIZED -93.5300824405
2021-04-18 20:01:34,742 DEBUG [default] 2017/11/07 05:46:34.0 G18 L2 AMBIGUITY INITIALIZED -7.29607486639
2021-04-18 20:01:34,742 DEBUG [default] 2017/11/07 05:46:34.0 G20 L2 AMBIGUITY INITIALIZED -28.838935575
2021-04-18 20:01:34,742 DEBUG [default] 2017/11/07 05:46:34.0 G21 L2 AMBIGUITY INITIALIZED 0.61472294337
2021-04-18 20:01:34,742 DEBUG [default] 2017/11/07 05:46:34.0 G24 L2 AMBIGUITY INITIALIZED 24.3602252886
2021-04-18 20:01:34,742 DEBUG [default] 2017/11/07 05:46:34.0 G29 L2 AMBIGUITY INITIALIZED 5.74993472543
2021-04-18 20:01:34,743 DEBUG [default] 2017/11/07 05:46:34.0 GPS PRIOR DOUBLE DIFFERENCE,  REFERENCE SATELLITE G15 74.8732212368
2021-04-18 20:01:34,743 DEBUG [default] L1: (ROVER_G15-BASE_G15)-(ROVER_G02-BASE_G02)-amb = (-29901.57674 -  15.17839)-(-29899.40659 - -11.22695)-(-12.96524 -  18.26378)=  2.65354 el=24.8 Ri=  0.000037 Rj=  0.000121 glo_bias=0.000
2021-04-18 20:01:34,743 DEBUG [default] L1: (ROVER_G15-BASE_G15)-(ROVER_G05-BASE_G05)-amb = (-29901.57674 -  15.17839)-(-29899.19154 -   6.70675)-(-12.96524 -  -3.04675)= -0.93834 el=38.8 Ri=  0.000037 Rj=  0.000064 glo_bias=0.000
2021-04-18 20:01:34,743 DEBUG [default] L1: (ROVER_G15-BASE_G15)-(ROVER_G13-BASE_G13)-amb = (-29901.57674 -  15.17839)-(-29900.91242 -  11.79322)-(-12.96524 -  -9.56327)= -0.64752 el=66.0 Ri=  0.000037 Rj=  0.000040 glo_bias=0.000
2021-04-18 20:01:34,743 DEBUG [default] L1: (ROVER_G15-BASE_G15)-(ROVER_G18-BASE_G18)-amb = (-29901.57674 -  15.17839)-(-29890.21520 -  10.76454)-(-12.96524 -   0.56663)= -2.24351 el=13.4 Ri=  0.000037 Rj=  0.000354 glo_bias=0.000
2021-04-18 20:01:34,743 DEBUG [default] L1: (ROVER_G15-BASE_G15)-(ROVER_G20-BASE_G20)-amb = (-29901.57674 -  15.17839)-(-29897.85786 -  -4.98822)-(-12.96524 -   8.65892)= -2.26133 el=58.3 Ri=  0.000037 Rj=  0.000043 glo_bias=0.000
2021-04-18 20:01:34,743 DEBUG [default] L1: (ROVER_G15-BASE_G15)-(ROVER_G21-BASE_G21)-amb = (-29901.57674 -  15.17839)-(-29893.01236 -   2.30383)-(-12.96524 -   4.82502)= -3.64868 el=29.9 Ri=  0.000037 Rj=  0.000091 glo_bias=0.000
2021-04-18 20:01:34,743 DEBUG [default] L1: (ROVER_G15-BASE_G15)-(ROVER_G24-BASE_G24)-amb = (-29901.57674 -  15.17839)-(-29879.38338 -  24.96460)-(-12.96524 -   2.34690)=  2.90500 el=19.8 Ri=  0.000037 Rj=  0.000175 glo_bias=0.000
2021-04-18 20:01:34,743 DEBUG [default] L1: (ROVER_G15-BASE_G15)-(ROVER_G29-BASE_G29)-amb = (-29901.57674 -  15.17839)-(-29899.56321 -   1.77786)-(-12.96524 -   3.60061)=  1.15180 el=38.8 Ri=  0.000037 Rj=  0.000064 glo_bias=0.000
2021-04-18 20:01:34,743 DEBUG [default] 2017/11/07 05:46:34.0 GPS PRIOR DOUBLE DIFFERENCE,  REFERENCE SATELLITE G15 74.8732212368
2021-04-18 20:01:34,743 DEBUG [default] L2: (ROVER_G15-BASE_G15)-(ROVER_G02-BASE_G02)-amb = (-29895.19578 -  31.21710)-(-29891.75609 -  -5.88076)-(-22.84100 -  19.22410)=  1.52754 el=24.8 Ri=  0.000037 Rj=  0.000121 glo_bias=0.000
2021-04-18 20:01:34,743 DEBUG [default] L2: (ROVER_G15-BASE_G15)-(ROVER_G05-BASE_G05)-amb = (-29895.19578 -  31.21710)-(-29892.04107 -  14.78397)-(-22.84100 -  -5.18849)= -1.93534 el=38.8 Ri=  0.000037 Rj=  0.000064 glo_bias=0.000
2021-04-18 20:01:34,743 DEBUG [default] L2: (ROVER_G15-BASE_G15)-(ROVER_G13-BASE_G13)-amb = (-29895.19578 -  31.21710)-(-29894.27517 -  17.77228)-(-22.84100 -  -9.67009)= -1.19452 el=66.0 Ri=  0.000037 Rj=  0.000040 glo_bias=0.000
2021-04-18 20:01:34,743 DEBUG [default] L2: (ROVER_G15-BASE_G15)-(ROVER_G18-BASE_G18)-amb = (-29895.19578 -  31.21710)-(-29883.25535 -  18.69380)-(-22.84100 -  -1.78178)= -3.40451 el=13.4 Ri=  0.000037 Rj=  0.000354 glo_bias=0.000
2021-04-18 20:01:34,743 DEBUG [default] L2: (ROVER_G15-BASE_G15)-(ROVER_G20-BASE_G20)-amb = (-29895.19578 -  31.21710)-(-29891.61593 -  16.06038)-(-22.84100 -  -7.04276)= -2.93833 el=58.3 Ri=  0.000037 Rj=  0.000043 glo_bias=0.000
2021-04-18 20:01:34,743 DEBUG [default] L2: (ROVER_G15-BASE_G15)-(ROVER_G21-BASE_G21)-amb = (-29895.19578 -  31.21710)-(-29885.60061 -  13.94148)-(-22.84100 -   0.15012)= -3.87968 el=29.9 Ri=  0.000037 Rj=  0.000091 glo_bias=0.000
2021-04-18 20:01:34,743 DEBUG [default] L2: (ROVER_G15-BASE_G15)-(ROVER_G24-BASE_G24)-amb = (-29895.19578 -  31.21710)-(-29860.88660 -  39.99226)-(-22.84100 -   5.94902)=  3.25600 el=19.8 Ri=  0.000037 Rj=  0.000175 glo_bias=0.000
2021-04-18 20:01:34,743 DEBUG [default] L2: (ROVER_G15-BASE_G15)-(ROVER_G29-BASE_G29)-amb = (-29895.19578 -  31.21710)-(-29892.61996 -  10.58453)-(-22.84100 -   1.40419)=  1.03680 el=38.8 Ri=  0.000037 Rj=  0.000064 glo_bias=0.000
2021-04-18 20:01:34,743 DEBUG [default] 2017/11/07 05:46:34.0 GPS PRIOR DOUBLE DIFFERENCE,  REFERENCE SATELLITE G15 74.8732212368
2021-04-18 20:01:34,743 DEBUG [default] P1: (ROVER_G15-BASE_G15)-(ROVER_G02-BASE_G02)-amb = (-29901.16925 -   2.62064)-(-29897.41572 -   9.02771)-(  0.00000 -   0.00000)=  2.65354 el=24.8 Ri=  0.373153 Rj=  1.205502 glo_bias=0.000
2021-04-18 20:01:34,744 DEBUG [default] P1: (ROVER_G15-BASE_G15)-(ROVER_G05-BASE_G05)-amb = (-29901.16925 -   2.62064)-(-29898.70578 -   4.14577)-(  0.00000 -   0.00000)= -0.93834 el=38.8 Ri=  0.373153 Rj=  0.637983 glo_bias=0.000
2021-04-18 20:01:34,744 DEBUG [default] P1: (ROVER_G15-BASE_G15)-(ROVER_G13-BASE_G13)-amb = (-29901.16925 -   2.62064)-(-29900.38552 -   2.75684)-(  0.00000 -   0.00000)= -0.64752 el=66.0 Ri=  0.373153 Rj=  0.395804 glo_bias=0.000
2021-04-18 20:01:34,744 DEBUG [default] P1: (ROVER_G15-BASE_G15)-(ROVER_G18-BASE_G18)-amb = (-29901.16925 -   2.62064)-(-29888.71978 -  12.82659)-(  0.00000 -   0.00000)= -2.24351 el=13.4 Ri=  0.373153 Rj=  3.540672 glo_bias=0.000
2021-04-18 20:01:34,744 DEBUG [default] P1: (ROVER_G15-BASE_G15)-(ROVER_G20-BASE_G20)-amb = (-29901.16925 -   2.62064)-(-29897.79901 -   3.72954)-(  0.00000 -   0.00000)= -2.26133 el=58.3 Ri=  0.373153 Rj=  0.428812 glo_bias=0.000
2021-04-18 20:01:34,744 DEBUG [default] P1: (ROVER_G15-BASE_G15)-(ROVER_G21-BASE_G21)-amb = (-29901.16925 -   2.62064)-(-29892.67134 -   7.46987)-(  0.00000 -   0.00000)= -3.64868 el=29.9 Ri=  0.373153 Rj=  0.906297 glo_bias=0.000
2021-04-18 20:01:34,744 DEBUG [default] P1: (ROVER_G15-BASE_G15)-(ROVER_G24-BASE_G24)-amb = (-29901.16925 -   2.62064)-(-29881.47072 -  25.22416)-(  0.00000 -   0.00000)=  2.90500 el=19.8 Ri=  0.373153 Rj=  1.751883 glo_bias=0.000
2021-04-18 20:01:34,744 DEBUG [default] P1: (ROVER_G15-BASE_G15)-(ROVER_G29-BASE_G29)-amb = (-29901.16925 -   2.62064)-(-29899.22574 -   5.71594)-(  0.00000 -   0.00000)=  1.15180 el=38.8 Ri=  0.373153 Rj=  0.637867 glo_bias=0.000
2021-04-18 20:01:34,744 DEBUG [default] 2017/11/07 05:46:34.0 GPS PRIOR DOUBLE DIFFERENCE,  REFERENCE SATELLITE G15 74.8732212368
2021-04-18 20:01:34,744 DEBUG [default] P2: (ROVER_G15-BASE_G15)-(ROVER_G02-BASE_G02)-amb = (-29894.76725 -   8.80464)-(-29889.33372 -  15.76571)-(  0.00000 -   0.00000)=  1.52754 el=24.8 Ri=  0.373153 Rj=  1.205502 glo_bias=0.000
2021-04-18 20:01:34,744 DEBUG [default] P2: (ROVER_G15-BASE_G15)-(ROVER_G05-BASE_G05)-amb = (-29894.76725 -   8.80464)-(-29891.53778 -  10.09877)-(  0.00000 -   0.00000)= -1.93534 el=38.8 Ri=  0.373153 Rj=  0.637983 glo_bias=0.000
2021-04-18 20:01:34,744 DEBUG [default] P2: (ROVER_G15-BASE_G15)-(ROVER_G13-BASE_G13)-amb = (-29894.76725 -   8.80464)-(-29893.98352 -   8.39384)-(  0.00000 -   0.00000)= -1.19452 el=66.0 Ri=  0.373153 Rj=  0.395804 glo_bias=0.000
2021-04-18 20:01:34,744 DEBUG [default] P2: (ROVER_G15-BASE_G15)-(ROVER_G18-BASE_G18)-amb = (-29894.76725 -   8.80464)-(-29880.81778 -  19.34959)-(  0.00000 -   0.00000)= -3.40451 el=13.4 Ri=  0.373153 Rj=  3.540672 glo_bias=0.000
2021-04-18 20:01:34,744 DEBUG [default] P2: (ROVER_G15-BASE_G15)-(ROVER_G20-BASE_G20)-amb = (-29894.76725 -   8.80464)-(-29891.12701 -   9.50654)-(  0.00000 -   0.00000)= -2.93833 el=58.3 Ri=  0.373153 Rj=  0.428812 glo_bias=0.000
2021-04-18 20:01:34,744 DEBUG [default] P2: (ROVER_G15-BASE_G15)-(ROVER_G21-BASE_G21)-amb = (-29894.76725 -   8.80464)-(-29886.77734 -  12.91487)-(  0.00000 -   0.00000)= -3.87968 el=29.9 Ri=  0.373153 Rj=  0.906297 glo_bias=0.000
2021-04-18 20:01:34,744 DEBUG [default] P2: (ROVER_G15-BASE_G15)-(ROVER_G24-BASE_G24)-amb = (-29894.76725 -   8.80464)-(-29862.41172 -  44.41616)-(  0.00000 -   0.00000)=  3.25600 el=19.8 Ri=  0.373153 Rj=  1.751883 glo_bias=0.000
2021-04-18 20:01:34,744 DEBUG [default] P2: (ROVER_G15-BASE_G15)-(ROVER_G29-BASE_G29)-amb = (-29894.76725 -   8.80464)-(-29891.44774 -  13.16094)-(  0.00000 -   0.00000)=  1.03680 el=38.8 Ri=  0.373153 Rj=  0.637867 glo_bias=0.000
2021-04-18 20:01:34,747 DEBUG [default] 2017/11/07 05:46:34.0 GPS POST DOUBLE DIFFERENCE,  REFERENCE SATELLITE G15 74.8732164073
2021-04-18 20:01:34,747 DEBUG [default] L1: (ROVER_G15-BASE_G15)-(ROVER_G02-BASE_G02)-amb = (-29899.95210 -  15.17839)-(-29895.39088 - -11.22695)-(-12.67398 -  18.29256)= -0.00002 el=24.8 Ri=  0.000037 Rj=  0.000121 glo_bias=0.000
2021-04-18 20:01:34,747 DEBUG [default] L1: (ROVER_G15-BASE_G15)-(ROVER_G05-BASE_G05)-amb = (-29899.95210 -  15.17839)-(-29899.10187 -   6.70675)-(-12.67398 -  -3.35214)= -0.00002 el=38.8 Ri=  0.000037 Rj=  0.000064 glo_bias=0.000
2021-04-18 20:01:34,747 DEBUG [default] L1: (ROVER_G15-BASE_G15)-(ROVER_G13-BASE_G13)-amb = (-29899.95210 -  15.17839)-(-29900.47254 -  11.79322)-(-12.67398 -  -9.80926)= -0.00001 el=66.0 Ri=  0.000037 Rj=  0.000040 glo_bias=0.000
2021-04-18 20:01:34,747 DEBUG [default] L1: (ROVER_G15-BASE_G15)-(ROVER_G18-BASE_G18)-amb = (-29899.95210 -  15.17839)-(-29891.66309 -  10.76454)-(-12.67398 -   0.02889)=  0.00002 el=13.4 Ri=  0.000037 Rj=  0.000354 glo_bias=0.000
2021-04-18 20:01:34,747 DEBUG [default] L1: (ROVER_G15-BASE_G15)-(ROVER_G20-BASE_G20)-amb = (-29899.95210 -  15.17839)-(-29898.56753 -  -4.98822)-(-12.67398 -   8.87720)= -0.00000 el=58.3 Ri=  0.000037 Rj=  0.000043 glo_bias=0.000
2021-04-18 20:01:34,747 DEBUG [default] L1: (ROVER_G15-BASE_G15)-(ROVER_G21-BASE_G21)-amb = (-29899.95210 -  15.17839)-(-29895.21838 -   2.30383)-(-12.67398 -   4.93429)=  0.00001 el=29.9 Ri=  0.000037 Rj=  0.000091 glo_bias=0.000
2021-04-18 20:01:34,747 DEBUG [default] L1: (ROVER_G15-BASE_G15)-(ROVER_G24-BASE_G24)-amb = (-29899.95210 -  15.17839)-(-29874.79684 -  24.96460)-(-12.67398 -   2.69506)= -0.00001 el=19.8 Ri=  0.000037 Rj=  0.000175 glo_bias=0.000
2021-04-18 20:01:34,747 DEBUG [default] L1: (ROVER_G15-BASE_G15)-(ROVER_G29-BASE_G29)-amb = (-29899.95210 -  15.17839)-(-29896.98469 -   1.77786)-(-12.67398 -   3.69396)=  0.00001 el=38.8 Ri=  0.000037 Rj=  0.000064 glo_bias=0.000
2021-04-18 20:01:34,747 DEBUG [default] 2017/11/07 05:46:34.0 GPS POST DOUBLE DIFFERENCE,  REFERENCE SATELLITE G15 74.8732164073
2021-04-18 20:01:34,747 DEBUG [default] L2: (ROVER_G15-BASE_G15)-(ROVER_G02-BASE_G02)-amb = (-29893.57114 -  31.21710)-(-29887.74038 -  -5.88076)-(-23.05007 -  19.87854)= -0.00002 el=24.8 Ri=  0.000037 Rj=  0.000121 glo_bias=0.000
2021-04-18 20:01:34,747 DEBUG [default] L2: (ROVER_G15-BASE_G15)-(ROVER_G05-BASE_G05)-amb = (-29893.57114 -  31.21710)-(-29891.95140 -  14.78397)-(-23.05007 -  -4.99722)= -0.00002 el=38.8 Ri=  0.000037 Rj=  0.000064 glo_bias=0.000
2021-04-18 20:01:34,747 DEBUG [default] L2: (ROVER_G15-BASE_G15)-(ROVER_G13-BASE_G13)-amb = (-29893.57114 -  31.21710)-(-29893.83529 -  17.77228)-(-23.05007 -  -9.86941)= -0.00001 el=66.0 Ri=  0.000037 Rj=  0.000040 glo_bias=0.000
2021-04-18 20:01:34,747 DEBUG [default] L2: (ROVER_G15-BASE_G15)-(ROVER_G18-BASE_G18)-amb = (-29893.57114 -  31.21710)-(-29884.70324 -  18.69380)-(-23.05007 -  -1.65885)=  0.00001 el=13.4 Ri=  0.000037 Rj=  0.000354 glo_bias=0.000
2021-04-18 20:01:34,747 DEBUG [default] L2: (ROVER_G15-BASE_G15)-(ROVER_G20-BASE_G20)-amb = (-29893.57114 -  31.21710)-(-29892.32561 -  16.06038)-(-23.05007 -  -6.64781)= -0.00000 el=58.3 Ri=  0.000037 Rj=  0.000043 glo_bias=0.000
2021-04-18 20:01:34,747 DEBUG [default] L2: (ROVER_G15-BASE_G15)-(ROVER_G21-BASE_G21)-amb = (-29893.57114 -  31.21710)-(-29887.80663 -  13.94148)-(-23.05007 -  -0.00993)=  0.00001 el=29.9 Ri=  0.000037 Rj=  0.000091 glo_bias=0.000
2021-04-18 20:01:34,747 DEBUG [default] L2: (ROVER_G15-BASE_G15)-(ROVER_G24-BASE_G24)-amb = (-29893.57114 -  31.21710)-(-29856.30006 -  39.99226)-(-23.05007 -   5.44585)= -0.00000 el=19.8 Ri=  0.000037 Rj=  0.000175 glo_bias=0.000
2021-04-18 20:01:34,747 DEBUG [default] L2: (ROVER_G15-BASE_G15)-(ROVER_G29-BASE_G29)-amb = (-29893.57114 -  31.21710)-(-29890.04144 -  10.58453)-(-23.05007 -   1.11222)=  0.00001 el=38.8 Ri=  0.000037 Rj=  0.000064 glo_bias=0.000
2021-04-18 20:01:34,747 DEBUG [default] 2017/11/07 05:46:34.0 GPS POST DOUBLE DIFFERENCE,  REFERENCE SATELLITE G15 74.8732164073
2021-04-18 20:01:34,747 DEBUG [default] P1: (ROVER_G15-BASE_G15)-(ROVER_G02-BASE_G02)-amb = (-29899.54460 -   2.62064)-(-29893.40001 -   9.02771)-(  0.00000 -   0.00000)=  0.26247 el=24.8 Ri=  0.373153 Rj=  1.205500 glo_bias=0.000
2021-04-18 20:01:34,747 DEBUG [default] P1: (ROVER_G15-BASE_G15)-(ROVER_G05-BASE_G05)-amb = (-29899.54460 -   2.62064)-(-29898.61611 -   4.14577)-(  0.00000 -   0.00000)=  0.59663 el=38.8 Ri=  0.373153 Rj=  0.637984 glo_bias=0.000
2021-04-18 20:01:34,747 DEBUG [default] P1: (ROVER_G15-BASE_G15)-(ROVER_G13-BASE_G13)-amb = (-29899.54460 -   2.62064)-(-29899.94564 -   2.75684)-(  0.00000 -   0.00000)=  0.53724 el=66.0 Ri=  0.373153 Rj=  0.395804 glo_bias=0.000
2021-04-18 20:01:34,747 DEBUG [default] P1: (ROVER_G15-BASE_G15)-(ROVER_G18-BASE_G18)-amb = (-29899.54460 -   2.62064)-(-29890.16767 -  12.82659)-(  0.00000 -   0.00000)=  0.82902 el=13.4 Ri=  0.373153 Rj=  3.540683 glo_bias=0.000
2021-04-18 20:01:34,747 DEBUG [default] P1: (ROVER_G15-BASE_G15)-(ROVER_G20-BASE_G20)-amb = (-29899.54460 -   2.62064)-(-29898.50868 -   3.72954)-(  0.00000 -   0.00000)=  0.07298 el=58.3 Ri=  0.373153 Rj=  0.428812 glo_bias=0.000
2021-04-18 20:01:34,748 DEBUG [default] P1: (ROVER_G15-BASE_G15)-(ROVER_G21-BASE_G21)-amb = (-29899.54460 -   2.62064)-(-29894.87736 -   7.46987)-(  0.00000 -   0.00000)=  0.18199 el=29.9 Ri=  0.373153 Rj=  0.906299 glo_bias=0.000
2021-04-18 20:01:34,748 DEBUG [default] P1: (ROVER_G15-BASE_G15)-(ROVER_G24-BASE_G24)-amb = (-29899.54460 -   2.62064)-(-29876.88418 -  25.22416)-(  0.00000 -   0.00000)= -0.05691 el=19.8 Ri=  0.373153 Rj=  1.751877 glo_bias=0.000
2021-04-18 20:01:34,748 DEBUG [default] P1: (ROVER_G15-BASE_G15)-(ROVER_G29-BASE_G29)-amb = (-29899.54460 -   2.62064)-(-29896.64722 -   5.71594)-(  0.00000 -   0.00000)=  0.19792 el=38.8 Ri=  0.373153 Rj=  0.637866 glo_bias=0.000
2021-04-18 20:01:34,748 DEBUG [default] 2017/11/07 05:46:34.0 GPS POST DOUBLE DIFFERENCE,  REFERENCE SATELLITE G15 74.8732164073
2021-04-18 20:01:34,748 DEBUG [default] P2: (ROVER_G15-BASE_G15)-(ROVER_G02-BASE_G02)-amb = (-29893.14260 -   8.80464)-(-29885.31801 -  15.76571)-(  0.00000 -   0.00000)= -0.86353 el=24.8 Ri=  0.373153 Rj=  1.205500 glo_bias=0.000
2021-04-18 20:01:34,748 DEBUG [default] P2: (ROVER_G15-BASE_G15)-(ROVER_G05-BASE_G05)-amb = (-29893.14260 -   8.80464)-(-29891.44811 -  10.09877)-(  0.00000 -   0.00000)= -0.40037 el=38.8 Ri=  0.373153 Rj=  0.637984 glo_bias=0.000
2021-04-18 20:01:34,748 DEBUG [default] P2: (ROVER_G15-BASE_G15)-(ROVER_G13-BASE_G13)-amb = (-29893.14260 -   8.80464)-(-29893.54364 -   8.39384)-(  0.00000 -   0.00000)= -0.00976 el=66.0 Ri=  0.373153 Rj=  0.395804 glo_bias=0.000
2021-04-18 20:01:34,748 DEBUG [default] P2: (ROVER_G15-BASE_G15)-(ROVER_G18-BASE_G18)-amb = (-29893.14260 -   8.80464)-(-29882.26567 -  19.34959)-(  0.00000 -   0.00000)= -0.33198 el=13.4 Ri=  0.373153 Rj=  3.540683 glo_bias=0.000
2021-04-18 20:01:34,748 DEBUG [default] P2: (ROVER_G15-BASE_G15)-(ROVER_G20-BASE_G20)-amb = (-29893.14260 -   8.80464)-(-29891.83668 -   9.50654)-(  0.00000 -   0.00000)= -0.60402 el=58.3 Ri=  0.373153 Rj=  0.428812 glo_bias=0.000
2021-04-18 20:01:34,748 DEBUG [default] P2: (ROVER_G15-BASE_G15)-(ROVER_G21-BASE_G21)-amb = (-29893.14260 -   8.80464)-(-29888.98336 -  12.91487)-(  0.00000 -   0.00000)= -0.04901 el=29.9 Ri=  0.373153 Rj=  0.906299 glo_bias=0.000
2021-04-18 20:01:34,748 DEBUG [default] P2: (ROVER_G15-BASE_G15)-(ROVER_G24-BASE_G24)-amb = (-29893.14260 -   8.80464)-(-29857.82518 -  44.41616)-(  0.00000 -   0.00000)=  0.29409 el=19.8 Ri=  0.373153 Rj=  1.751877 glo_bias=0.000
2021-04-18 20:01:34,748 DEBUG [default] P2: (ROVER_G15-BASE_G15)-(ROVER_G29-BASE_G29)-amb = (-29893.14260 -   8.80464)-(-29888.86922 -  13.16094)-(  0.00000 -   0.00000)=  0.08292 el=38.8 Ri=  0.373153 Rj=  0.637866 glo_bias=0.000
2021-04-18 20:01:34,748 DEBUG [default] PREVIOUS EPOCH AR: ratio1=0 ratio2=0 ar_sat_num=0
2021-04-18 20:01:34,748 WARNING [default] 2017/11/07 05:46:34.0 POSITIONING VARIANCE TOO LARGE FOR PPK AR var=0.449517019798
2021-04-18 20:01:34,748 DEBUG [default] 2017/11/07 05:46:34.0 PPK SOLVE SUCCESS
2021-04-18 20:02:15,469 INFO [default] PROCESS DATA DIR: /home/wlzhang/software/PPPLib/dataset/data_m39
2021-04-18 20:02:15,470 INFO [default] ==== START PROCESS: m390
2021-04-18 20:02:16,164 WARNING [default] 2017/11/07 05:46:34.0 POSITIONING VARIANCE TOO LARGE FOR PPK AR var=0.449517
